Content-Type: text/plain; charset="utf-8"
MIME-Version: 1.0
Content-Transfer-Encoding: 8bit
Subject: Password reset on 127.0.0.1:8000
From: webmaster@localhost
To: wilsonzanea@gmail.com
Date: Wed, 11 Aug 2021 18:52:00 -0000
Message-ID: <162870792049.18684.4298183352927171422@ZanePC.nycap.rr.com>


You're receiving this email because you requested a password reset for your user account at 127.0.0.1:8000.

Please go to the following page and choose a new password:

http://127.0.0.1:8000/accounts/reset/MQ/ar81ao-79de2a9631b8e8b1df2eb8bc3555e823/

Your username, in case you’ve forgotten: Zane

Thanks for using our site!

The 127.0.0.1:8000 team



-------------------------------------------------------------------------------
Content-Type: text/plain; charset="utf-8"
MIME-Version: 1.0
Content-Transfer-Encoding: 8bit
Subject: Password reset on 127.0.0.1:8000
From: webmaster@localhost
To: wilsonzanea@gmail.com
Date: Wed, 11 Aug 2021 18:52:00 -0000
Message-ID: <162870792050.18684.8930697922619225195@ZanePC.nycap.rr.com>


You're receiving this email because you requested a password reset for your user account at 127.0.0.1:8000.

Please go to the following page and choose a new password:

http://127.0.0.1:8000/accounts/reset/OQ/ar81ao-6bcec88f2d5bd49570593173cb08ad0c/

Your username, in case you’ve forgotten: test12345

Thanks for using our site!

The 127.0.0.1:8000 team



-------------------------------------------------------------------------------
