Content-Type: text/plain; charset="utf-8"
MIME-Version: 1.0
Content-Transfer-Encoding: 8bit
Subject: Password reset on 127.0.0.1:8000
From: webmaster@localhost
To: wilsonzanea@gmail.com
Date: Wed, 11 Aug 2021 21:45:19 -0000
Message-ID: <162871831950.15708.12745153021916449888@ZanePC.nycap.rr.com>


You're receiving this email because you requested a password reset for your user account at 127.0.0.1:8000.

Please go to the following page and choose a new password:

http://127.0.0.1:8000/accounts/reset/Ng/ar89bj-422e2919b6a34bd0e1d69f34e455f396/

Your username, in case you’ve forgotten: zaney

Thanks for using our site!

The 127.0.0.1:8000 team



-------------------------------------------------------------------------------
Content-Type: text/plain; charset="utf-8"
MIME-Version: 1.0
Content-Transfer-Encoding: 8bit
Subject: Password reset on 127.0.0.1:8000
From: webmaster@localhost
To: wilsonzanea@gmail.com
Date: Wed, 11 Aug 2021 21:45:19 -0000
Message-ID: <162871831951.15708.406979024957606230@ZanePC.nycap.rr.com>


You're receiving this email because you requested a password reset for your user account at 127.0.0.1:8000.

Please go to the following page and choose a new password:

http://127.0.0.1:8000/accounts/reset/OQ/ar89bj-be8e8ae94a5c52a478e742160be06db5/

Your username, in case you’ve forgotten: test12345

Thanks for using our site!

The 127.0.0.1:8000 team



-------------------------------------------------------------------------------
