Content-Type: text/plain; charset="utf-8"
MIME-Version: 1.0
Content-Transfer-Encoding: 8bit
Subject: Password reset on 127.0.0.1:8000
From: webmaster@localhost
To: wilsonzanea@gmail.com
Date: Fri, 10 Sep 2021 16:35:33 -0000
Message-ID: <163129173324.37868.12696249284165121156@ZanePC>


You're receiving this email because you requested a password reset for your user account at 127.0.0.1:8000.

Please go to the following page and choose a new password:

http://127.0.0.1:8000/accounts/reset/Mg/asrez9-b6f92f54569a89737ecefdda7241b9fe/

Your username, in case you’ve forgotten: newuser

Thanks for using our site!

The 127.0.0.1:8000 team



-------------------------------------------------------------------------------
Content-Type: text/plain; charset="utf-8"
MIME-Version: 1.0
Content-Transfer-Encoding: 8bit
Subject: Password reset on 127.0.0.1:8000
From: webmaster@localhost
To: wilsonzanea@gmail.com
Date: Fri, 10 Sep 2021 16:35:33 -0000
Message-ID: <163129173324.37868.555242263770912813@ZanePC>


You're receiving this email because you requested a password reset for your user account at 127.0.0.1:8000.

Please go to the following page and choose a new password:

http://127.0.0.1:8000/accounts/reset/NA/asrez9-34ca8fecd95d97b51e6e6bfd6fdfacf9/

Your username, in case you’ve forgotten: testing

Thanks for using our site!

The 127.0.0.1:8000 team



-------------------------------------------------------------------------------
